<?xml version="1.0" encoding="UTF-8"?>
<!-- Generated by org.testng.reporters.JUnitXMLReporter -->
<testsuite ignored="0" hostname="IN-33GKF63" failures="0" tests="11" name="Default test" time="142.986" errors="0" timestamp="2024-12-05T00:47:40 IST">
  <testcase classname="Tests.CommentsByComments" name="TC_CC_01" time="22.614"/>
  <testcase classname="Tests.CommentsByComments" name="TC_CC_02" time="4.689"/>
  <testcase classname="Tests.CommentsByComments" name="TC_CC_03" time="5.55"/>
  <testcase classname="Tests.CommentsByComments" name="TC_CC_04" time="8.438"/>
  <testcase classname="Tests.CommentsByComments" name="TC_CC_05" time="1.134"/>
  <testcase classname="Tests.CommentsByComments" name="TC_CC_06" time="6.857"/>
  <testcase classname="Tests.CommentsByComments" name="TC_CC_07" time="11.672"/>
  <testcase classname="Tests.CommentsByComments" name="TC_CC_08" time="1.69"/>
  <testcase classname="Tests.CommentsByComments" name="TC_CC_09" time="6.242"/>
  <testcase classname="Tests.CommentsByComments" name="TC_CC_10" time="23.552"/>
  <testcase classname="Tests.CommentsByComments" name="TC_CC_11" time="2.122"/>
</testsuite> <!-- Default test -->
