<?xml version="1.0" encoding="UTF-8"?>
<!-- Generated by org.testng.reporters.JUnitXMLReporter -->
<testsuite ignored="0" hostname="IN-33GKF63" failures="2" tests="2" name="Test" time="39.578" errors="0" timestamp="2024-12-05T00:39:13 IST">
  <testcase classname="Tests.CommentsByOverview" name="TC_CO_01" time="0.021">
    <failure type="java.lang.NullPointerException" message="Cannot invoke &amp;quot;com.aventstack.extentreports.ExtentReports.createTest(String)&amp;quot; because &amp;quot;this.extentReport&amp;quot; is null">
      <![CDATA[java.lang.NullPointerException: Cannot invoke "com.aventstack.extentreports.ExtentReports.createTest(String)" because "this.extentReport" is null
at Tests.VivaLogin.onTestStart(VivaLogin.java:46)
at java.base/java.util.ArrayList.forEach(ArrayList.java:1511)
... Removed 24 stack frames]]>
    </failure>
  </testcase> <!-- TC_CO_01 -->
  <testcase classname="Tests.CommentsByOverview" name="TC_CO_01" time="0.109">
    <failure type="java.lang.NullPointerException" message="Cannot invoke &amp;quot;com.aventstack.extentreports.ExtentTest.log(com.aventstack.extentreports.Status, String)&amp;quot; because &amp;quot;this.test&amp;quot; is null">
      <![CDATA[java.lang.NullPointerException: Cannot invoke "com.aventstack.extentreports.ExtentTest.log(com.aventstack.extentreports.Status, String)" because "this.test" is null
at Tests.VivaLogin.onTestFailure(VivaLogin.java:59)
at java.base/java.util.ArrayList.forEach(ArrayList.java:1511)
... Removed 24 stack frames]]>
    </failure>
  </testcase> <!-- TC_CO_01 -->
</testsuite> <!-- Test -->
