<?xml version="1.0" encoding="UTF-8"?>
<testng-results ignored="0" total="11" passed="9" failed="2" skipped="0">
  <reporter-output>
  </reporter-output>
  <suite started-at="2024-07-01T21:07:07 IST" name="Default suite" finished-at="2024-07-01T21:08:39 IST" duration-ms="92187">
    <groups>
    </groups>
    <test started-at="2024-07-01T21:07:07 IST" name="Default test" finished-at="2024-07-01T21:08:39 IST" duration-ms="92187">
      <class name="Tests.CommentsByComments">
        <test-method is-config="true" signature="setup()[pri:0, instance:Tests.CommentsByComments@272113c4]" started-at="2024-07-01T21:07:07 IST" name="setup" finished-at="2024-07-01T21:07:28 IST" duration-ms="21272" status="PASS">
          <reporter-output>
          </reporter-output>
        </test-method> <!-- setup -->
        <test-method is-config="true" signature="ExtentReports()[pri:0, instance:Tests.CommentsByComments@272113c4]" started-at="2024-07-01T21:07:28 IST" name="ExtentReports" finished-at="2024-07-01T21:07:29 IST" duration-ms="812" status="PASS">
          <reporter-output>
          </reporter-output>
        </test-method> <!-- ExtentReports -->
        <test-method is-config="true" signature="setObject()[pri:0, instance:Tests.CommentsByComments@272113c4]" started-at="2024-07-01T21:07:29 IST" name="setObject" finished-at="2024-07-01T21:07:55 IST" duration-ms="25797" status="PASS">
          <reporter-output>
          </reporter-output>
        </test-method> <!-- setObject -->
        <test-method signature="TC_CC_01()[pri:0, instance:Tests.CommentsByComments@272113c4]" started-at="2024-07-01T21:07:55 IST" name="TC_CC_01" finished-at="2024-07-01T21:08:06 IST" duration-ms="11229" status="PASS">
          <reporter-output>
          </reporter-output>
        </test-method> <!-- TC_CC_01 -->
        <test-method signature="TC_CC_02()[pri:0, instance:Tests.CommentsByComments@272113c4]" started-at="2024-07-01T21:08:06 IST" name="TC_CC_02" finished-at="2024-07-01T21:08:08 IST" duration-ms="1703" status="PASS">
          <reporter-output>
          </reporter-output>
        </test-method> <!-- TC_CC_02 -->
        <test-method signature="TC_CC_03()[pri:0, instance:Tests.CommentsByComments@272113c4]" started-at="2024-07-01T21:08:08 IST" name="TC_CC_03" finished-at="2024-07-01T21:08:10 IST" duration-ms="2368" status="PASS">
          <reporter-output>
          </reporter-output>
        </test-method> <!-- TC_CC_03 -->
        <test-method signature="TC_CC_04()[pri:0, instance:Tests.CommentsByComments@272113c4]" started-at="2024-07-01T21:08:10 IST" name="TC_CC_04" finished-at="2024-07-01T21:08:17 IST" duration-ms="6297" status="PASS">
          <reporter-output>
          </reporter-output>
        </test-method> <!-- TC_CC_04 -->
        <test-method signature="TC_CC_05()[pri:0, instance:Tests.CommentsByComments@272113c4]" started-at="2024-07-01T21:08:17 IST" name="TC_CC_05" finished-at="2024-07-01T21:08:17 IST" duration-ms="798" status="PASS">
          <reporter-output>
          </reporter-output>
        </test-method> <!-- TC_CC_05 -->
        <test-method signature="TC_CC_06()[pri:0, instance:Tests.CommentsByComments@272113c4]" started-at="2024-07-01T21:08:17 IST" name="TC_CC_06" finished-at="2024-07-01T21:08:22 IST" duration-ms="4375" status="PASS">
          <reporter-output>
          </reporter-output>
        </test-method> <!-- TC_CC_06 -->
        <test-method signature="TC_CC_07()[pri:0, instance:Tests.CommentsByComments@272113c4]" started-at="2024-07-01T21:08:22 IST" name="TC_CC_07" finished-at="2024-07-01T21:08:23 IST" duration-ms="1420" status="FAIL">
          <exception class="org.openqa.selenium.ElementClickInterceptedException">
            <message>
              <![CDATA[element click intercepted: Element <span _ngcontent-ng-c1986384029="" class="facetLabel">...</span> is not clickable at point (127, 10). Other element would receive the click: <header _ngcontent-ng-c2784457904="" glintoneshell="" glintscreensize="" aria-label="Viva Glint App Header">...</header>
  (Session info: chrome=126.0.6478.127)
Build info: version: '4.16.1', revision: '9b4c83354e'
System info: os.name: 'Windows 10', os.arch: 'amd64', os.version: '10.0', java.version: '17.0.4.1'
Driver info: org.openqa.selenium.chrome.ChromeDriver
Command: [c7824713f218ec3392cee17079211aba, clickElement {id=f.70F400846BFF8F9FA04F32E49C250B39.d.500DAA67AC85189A2776731F30939AA3.e.146}]
Capabilities {acceptInsecureCerts: false, browserName: chrome, browserVersion: 126.0.6478.127, chrome: {chromedriverVersion: 126.0.6478.126 (d36ace6122e..., userDataDir: C:\Users\SPoora01\AppData\L...}, fedcm:accounts: true, goog:chromeOptions: {debuggerAddress: localhost:64614}, networkConnectionEnabled: false, pageLoadStrategy: normal, platformName: windows, proxy: Proxy(), se:cdp: ws://localhost:64614/devtoo..., se:cdpVersion: 126.0.6478.127, setWindowRect: true, strictFileInteractability: false, timeouts: {implicit: 0, pageLoad: 300000, script: 30000}, unhandledPromptBehavior: dismiss and notify, webauthn:extension:credBlob: true, webauthn:extension:largeBlob: true, webauthn:extension:minPinLength: true, webauthn:extension:prf: true, webauthn:virtualAuthenticators: true}
Element: [[ChromeDriver: chrome on windows (c7824713f218ec3392cee17079211aba)] -> xpath: //span[text()='Profanity']]
Session ID: c7824713f218ec3392cee17079211aba]]>
            </message>
            <full-stacktrace>
              <![CDATA[org.openqa.selenium.ElementClickInterceptedException: element click intercepted: Element <span _ngcontent-ng-c1986384029="" class="facetLabel">...</span> is not clickable at point (127, 10). Other element would receive the click: <header _ngcontent-ng-c2784457904="" glintoneshell="" glintscreensize="" aria-label="Viva Glint App Header">...</header>
  (Session info: chrome=126.0.6478.127)
Build info: version: '4.16.1', revision: '9b4c83354e'
System info: os.name: 'Windows 10', os.arch: 'amd64', os.version: '10.0', java.version: '17.0.4.1'
Driver info: org.openqa.selenium.chrome.ChromeDriver
Command: [c7824713f218ec3392cee17079211aba, clickElement {id=f.70F400846BFF8F9FA04F32E49C250B39.d.500DAA67AC85189A2776731F30939AA3.e.146}]
Capabilities {acceptInsecureCerts: false, browserName: chrome, browserVersion: 126.0.6478.127, chrome: {chromedriverVersion: 126.0.6478.126 (d36ace6122e..., userDataDir: C:\Users\SPoora01\AppData\L...}, fedcm:accounts: true, goog:chromeOptions: {debuggerAddress: localhost:64614}, networkConnectionEnabled: false, pageLoadStrategy: normal, platformName: windows, proxy: Proxy(), se:cdp: ws://localhost:64614/devtoo..., se:cdpVersion: 126.0.6478.127, setWindowRect: true, strictFileInteractability: false, timeouts: {implicit: 0, pageLoad: 300000, script: 30000}, unhandledPromptBehavior: dismiss and notify, webauthn:extension:credBlob: true, webauthn:extension:largeBlob: true, webauthn:extension:minPinLength: true, webauthn:extension:prf: true, webauthn:virtualAuthenticators: true}
Element: [[ChromeDriver: chrome on windows (c7824713f218ec3392cee17079211aba)] -> xpath: //span[text()='Profanity']]
Session ID: c7824713f218ec3392cee17079211aba
at java.base/jdk.internal.reflect.NativeConstructorAccessorImpl.newInstance0(Native Method)
at java.base/jdk.internal.reflect.NativeConstructorAccessorImpl.newInstance(NativeConstructorAccessorImpl.java:77)
at java.base/jdk.internal.reflect.DelegatingConstructorAccessorImpl.newInstance(DelegatingConstructorAccessorImpl.java:45)
at java.base/java.lang.reflect.Constructor.newInstanceWithCaller(Constructor.java:499)
at java.base/java.lang.reflect.Constructor.newInstance(Constructor.java:480)
at org.openqa.selenium.remote.codec.w3c.W3CHttpResponseCodec.createException(W3CHttpResponseCodec.java:200)
at org.openqa.selenium.remote.codec.w3c.W3CHttpResponseCodec.decode(W3CHttpResponseCodec.java:133)
at org.openqa.selenium.remote.codec.w3c.W3CHttpResponseCodec.decode(W3CHttpResponseCodec.java:52)
at org.openqa.selenium.remote.HttpCommandExecutor.execute(HttpCommandExecutor.java:191)
at org.openqa.selenium.remote.service.DriverCommandExecutor.invokeExecute(DriverCommandExecutor.java:200)
at org.openqa.selenium.remote.service.DriverCommandExecutor.execute(DriverCommandExecutor.java:175)
at org.openqa.selenium.remote.RemoteWebDriver.execute(RemoteWebDriver.java:523)
at org.openqa.selenium.remote.RemoteWebElement.execute(RemoteWebElement.java:224)
at org.openqa.selenium.remote.RemoteWebElement.click(RemoteWebElement.java:77)
at CommentsReport.CommentsComments.Quarantine(CommentsComments.java:88)
at Tests.CommentsByComments.TC_CC_07(CommentsByComments.java:87)
at java.base/jdk.internal.reflect.NativeMethodAccessorImpl.invoke0(Native Method)
at java.base/jdk.internal.reflect.NativeMethodAccessorImpl.invoke(NativeMethodAccessorImpl.java:77)
at java.base/jdk.internal.reflect.DelegatingMethodAccessorImpl.invoke(DelegatingMethodAccessorImpl.java:43)
at java.base/java.lang.reflect.Method.invoke(Method.java:568)
at org.testng.internal.MethodInvocationHelper.invokeMethod(MethodInvocationHelper.java:133)
at org.testng.internal.TestInvoker.invokeMethod(TestInvoker.java:598)
at org.testng.internal.TestInvoker.invokeTestMethod(TestInvoker.java:173)
at org.testng.internal.MethodRunner.runInSequence(MethodRunner.java:46)
at org.testng.internal.TestInvoker$MethodInvocationAgent.invoke(TestInvoker.java:824)
at org.testng.internal.TestInvoker.invokeTestMethods(TestInvoker.java:146)
at org.testng.internal.TestMethodWorker.invokeTestMethods(TestMethodWorker.java:146)
at org.testng.internal.TestMethodWorker.run(TestMethodWorker.java:128)
at java.base/java.util.ArrayList.forEach(ArrayList.java:1511)
at org.testng.TestRunner.privateRun(TestRunner.java:794)
at org.testng.TestRunner.run(TestRunner.java:596)
at org.testng.SuiteRunner.runTest(SuiteRunner.java:377)
at org.testng.SuiteRunner.runSequentially(SuiteRunner.java:371)
at org.testng.SuiteRunner.privateRun(SuiteRunner.java:332)
at org.testng.SuiteRunner.run(SuiteRunner.java:276)
at org.testng.SuiteRunnerWorker.runSuite(SuiteRunnerWorker.java:53)
at org.testng.SuiteRunnerWorker.run(SuiteRunnerWorker.java:96)
at org.testng.TestNG.runSuitesSequentially(TestNG.java:1212)
at org.testng.TestNG.runSuitesLocally(TestNG.java:1134)
at org.testng.TestNG.runSuites(TestNG.java:1063)
at org.testng.TestNG.run(TestNG.java:1031)
at org.testng.remote.AbstractRemoteTestNG.run(AbstractRemoteTestNG.java:115)
at org.testng.remote.RemoteTestNG.initAndRun(RemoteTestNG.java:251)
at org.testng.remote.RemoteTestNG.main(RemoteTestNG.java:77)
]]>
            </full-stacktrace>
          </exception> <!-- org.openqa.selenium.ElementClickInterceptedException -->
          <reporter-output>
          </reporter-output>
        </test-method> <!-- TC_CC_07 -->
        <test-method signature="TC_CC_08()[pri:0, instance:Tests.CommentsByComments@272113c4]" started-at="2024-07-01T21:08:23 IST" name="TC_CC_08" finished-at="2024-07-01T21:08:24 IST" duration-ms="772" status="PASS">
          <reporter-output>
          </reporter-output>
        </test-method> <!-- TC_CC_08 -->
        <test-method signature="TC_CC_09()[pri:0, instance:Tests.CommentsByComments@272113c4]" started-at="2024-07-01T21:08:24 IST" name="TC_CC_09" finished-at="2024-07-01T21:08:25 IST" duration-ms="759" status="PASS">
          <reporter-output>
          </reporter-output>
        </test-method> <!-- TC_CC_09 -->
        <test-method signature="TC_CC_10()[pri:0, instance:Tests.CommentsByComments@272113c4]" started-at="2024-07-01T21:08:25 IST" name="TC_CC_10" finished-at="2024-07-01T21:08:33 IST" duration-ms="7881" status="FAIL">
          <exception class="org.openqa.selenium.ElementClickInterceptedException">
            <message>
              <![CDATA[element click intercepted: Element <span _ngcontent-ng-c1986384029="" class="facetLabel">...</span> is not clickable at point (107, 10). Other element would receive the click: <header _ngcontent-ng-c2784457904="" glintoneshell="" glintscreensize="" aria-label="Viva Glint App Header">...</header>
  (Session info: chrome=126.0.6478.127)
Build info: version: '4.16.1', revision: '9b4c83354e'
System info: os.name: 'Windows 10', os.arch: 'amd64', os.version: '10.0', java.version: '17.0.4.1'
Driver info: org.openqa.selenium.chrome.ChromeDriver
Command: [c7824713f218ec3392cee17079211aba, clickElement {id=f.70F400846BFF8F9FA04F32E49C250B39.d.500DAA67AC85189A2776731F30939AA3.e.347}]
Capabilities {acceptInsecureCerts: false, browserName: chrome, browserVersion: 126.0.6478.127, chrome: {chromedriverVersion: 126.0.6478.126 (d36ace6122e..., userDataDir: C:\Users\SPoora01\AppData\L...}, fedcm:accounts: true, goog:chromeOptions: {debuggerAddress: localhost:64614}, networkConnectionEnabled: false, pageLoadStrategy: normal, platformName: windows, proxy: Proxy(), se:cdp: ws://localhost:64614/devtoo..., se:cdpVersion: 126.0.6478.127, setWindowRect: true, strictFileInteractability: false, timeouts: {implicit: 0, pageLoad: 300000, script: 30000}, unhandledPromptBehavior: dismiss and notify, webauthn:extension:credBlob: true, webauthn:extension:largeBlob: true, webauthn:extension:minPinLength: true, webauthn:extension:prf: true, webauthn:virtualAuthenticators: true}
Element: [[ChromeDriver: chrome on windows (c7824713f218ec3392cee17079211aba)] -> xpath: //span[text()='PII']]
Session ID: c7824713f218ec3392cee17079211aba]]>
            </message>
            <full-stacktrace>
              <![CDATA[org.openqa.selenium.ElementClickInterceptedException: element click intercepted: Element <span _ngcontent-ng-c1986384029="" class="facetLabel">...</span> is not clickable at point (107, 10). Other element would receive the click: <header _ngcontent-ng-c2784457904="" glintoneshell="" glintscreensize="" aria-label="Viva Glint App Header">...</header>
  (Session info: chrome=126.0.6478.127)
Build info: version: '4.16.1', revision: '9b4c83354e'
System info: os.name: 'Windows 10', os.arch: 'amd64', os.version: '10.0', java.version: '17.0.4.1'
Driver info: org.openqa.selenium.chrome.ChromeDriver
Command: [c7824713f218ec3392cee17079211aba, clickElement {id=f.70F400846BFF8F9FA04F32E49C250B39.d.500DAA67AC85189A2776731F30939AA3.e.347}]
Capabilities {acceptInsecureCerts: false, browserName: chrome, browserVersion: 126.0.6478.127, chrome: {chromedriverVersion: 126.0.6478.126 (d36ace6122e..., userDataDir: C:\Users\SPoora01\AppData\L...}, fedcm:accounts: true, goog:chromeOptions: {debuggerAddress: localhost:64614}, networkConnectionEnabled: false, pageLoadStrategy: normal, platformName: windows, proxy: Proxy(), se:cdp: ws://localhost:64614/devtoo..., se:cdpVersion: 126.0.6478.127, setWindowRect: true, strictFileInteractability: false, timeouts: {implicit: 0, pageLoad: 300000, script: 30000}, unhandledPromptBehavior: dismiss and notify, webauthn:extension:credBlob: true, webauthn:extension:largeBlob: true, webauthn:extension:minPinLength: true, webauthn:extension:prf: true, webauthn:virtualAuthenticators: true}
Element: [[ChromeDriver: chrome on windows (c7824713f218ec3392cee17079211aba)] -> xpath: //span[text()='PII']]
Session ID: c7824713f218ec3392cee17079211aba
at java.base/jdk.internal.reflect.NativeConstructorAccessorImpl.newInstance0(Native Method)
at java.base/jdk.internal.reflect.NativeConstructorAccessorImpl.newInstance(NativeConstructorAccessorImpl.java:77)
at java.base/jdk.internal.reflect.DelegatingConstructorAccessorImpl.newInstance(DelegatingConstructorAccessorImpl.java:45)
at java.base/java.lang.reflect.Constructor.newInstanceWithCaller(Constructor.java:499)
at java.base/java.lang.reflect.Constructor.newInstance(Constructor.java:480)
at org.openqa.selenium.remote.codec.w3c.W3CHttpResponseCodec.createException(W3CHttpResponseCodec.java:200)
at org.openqa.selenium.remote.codec.w3c.W3CHttpResponseCodec.decode(W3CHttpResponseCodec.java:133)
at org.openqa.selenium.remote.codec.w3c.W3CHttpResponseCodec.decode(W3CHttpResponseCodec.java:52)
at org.openqa.selenium.remote.HttpCommandExecutor.execute(HttpCommandExecutor.java:191)
at org.openqa.selenium.remote.service.DriverCommandExecutor.invokeExecute(DriverCommandExecutor.java:200)
at org.openqa.selenium.remote.service.DriverCommandExecutor.execute(DriverCommandExecutor.java:175)
at org.openqa.selenium.remote.RemoteWebDriver.execute(RemoteWebDriver.java:523)
at org.openqa.selenium.remote.RemoteWebElement.execute(RemoteWebElement.java:224)
at org.openqa.selenium.remote.RemoteWebElement.click(RemoteWebElement.java:77)
at CommentsReport.CommentsComments.flagged(CommentsComments.java:136)
at Tests.CommentsByComments.TC_CC_10(CommentsByComments.java:110)
at java.base/jdk.internal.reflect.NativeMethodAccessorImpl.invoke0(Native Method)
at java.base/jdk.internal.reflect.NativeMethodAccessorImpl.invoke(NativeMethodAccessorImpl.java:77)
at java.base/jdk.internal.reflect.DelegatingMethodAccessorImpl.invoke(DelegatingMethodAccessorImpl.java:43)
at java.base/java.lang.reflect.Method.invoke(Method.java:568)
at org.testng.internal.MethodInvocationHelper.invokeMethod(MethodInvocationHelper.java:133)
at org.testng.internal.TestInvoker.invokeMethod(TestInvoker.java:598)
at org.testng.internal.TestInvoker.invokeTestMethod(TestInvoker.java:173)
at org.testng.internal.MethodRunner.runInSequence(MethodRunner.java:46)
at org.testng.internal.TestInvoker$MethodInvocationAgent.invoke(TestInvoker.java:824)
at org.testng.internal.TestInvoker.invokeTestMethods(TestInvoker.java:146)
at org.testng.internal.TestMethodWorker.invokeTestMethods(TestMethodWorker.java:146)
at org.testng.internal.TestMethodWorker.run(TestMethodWorker.java:128)
at java.base/java.util.ArrayList.forEach(ArrayList.java:1511)
at org.testng.TestRunner.privateRun(TestRunner.java:794)
at org.testng.TestRunner.run(TestRunner.java:596)
at org.testng.SuiteRunner.runTest(SuiteRunner.java:377)
at org.testng.SuiteRunner.runSequentially(SuiteRunner.java:371)
at org.testng.SuiteRunner.privateRun(SuiteRunner.java:332)
at org.testng.SuiteRunner.run(SuiteRunner.java:276)
at org.testng.SuiteRunnerWorker.runSuite(SuiteRunnerWorker.java:53)
at org.testng.SuiteRunnerWorker.run(SuiteRunnerWorker.java:96)
at org.testng.TestNG.runSuitesSequentially(TestNG.java:1212)
at org.testng.TestNG.runSuitesLocally(TestNG.java:1134)
at org.testng.TestNG.runSuites(TestNG.java:1063)
at org.testng.TestNG.run(TestNG.java:1031)
at org.testng.remote.AbstractRemoteTestNG.run(AbstractRemoteTestNG.java:115)
at org.testng.remote.RemoteTestNG.initAndRun(RemoteTestNG.java:251)
at org.testng.remote.RemoteTestNG.main(RemoteTestNG.java:77)
]]>
            </full-stacktrace>
          </exception> <!-- org.openqa.selenium.ElementClickInterceptedException -->
          <reporter-output>
          </reporter-output>
        </test-method> <!-- TC_CC_10 -->
        <test-method signature="TC_CC_11()[pri:0, instance:Tests.CommentsByComments@272113c4]" started-at="2024-07-01T21:08:33 IST" name="TC_CC_11" finished-at="2024-07-01T21:08:36 IST" duration-ms="3429" status="PASS">
          <reporter-output>
          </reporter-output>
        </test-method> <!-- TC_CC_11 -->
        <test-method is-config="true" signature="generateReports()[pri:0, instance:Tests.CommentsByComments@272113c4]" started-at="2024-07-01T21:08:36 IST" name="generateReports" finished-at="2024-07-01T21:08:37 IST" duration-ms="1257" status="PASS">
          <reporter-output>
          </reporter-output>
        </test-method> <!-- generateReports -->
        <test-method is-config="true" signature="quit()[pri:0, instance:Tests.CommentsByComments@272113c4]" started-at="2024-07-01T21:08:37 IST" name="quit" finished-at="2024-07-01T21:08:39 IST" duration-ms="1867" status="PASS">
          <reporter-output>
          </reporter-output>
        </test-method> <!-- quit -->
      </class> <!-- Tests.CommentsByComments -->
    </test> <!-- Default test -->
  </suite> <!-- Default suite -->
</testng-results>
